action: py36, msg: installpkg
cwd: /home/cuttice/package/code
cmd: /home/cuttice/package/code/.tox/py36/bin/python -m pip install --exists-action w '.tox/.tmp/package/1/hello curtis-1.1.1.zip'
Processing ./.tox/.tmp/package/1/hello curtis-1.1.1.zip
Collecting requests (from hello-curtis==1.1.1)
  Using cached https://files.pythonhosted.org/packages/51/bd/23c926cd341ea6b7dd0b2a00aba99ae0f828be89d72b2190f27c11d4b7fb/requests-2.22.0-py2.py3-none-any.whl
Collecting urllib3!=1.25.0,!=1.25.1,<1.26,>=1.21.1 (from requests->hello-curtis==1.1.1)
  Using cached https://files.pythonhosted.org/packages/e6/60/247f23a7121ae632d62811ba7f273d0e58972d75e58a94d329d51550a47d/urllib3-1.25.3-py2.py3-none-any.whl
Collecting chardet<3.1.0,>=3.0.2 (from requests->hello-curtis==1.1.1)
  Using cached https://files.pythonhosted.org/packages/bc/a9/01ffebfb562e4274b6487b4bb1ddec7ca55ec7510b22e4c51f14098443b8/chardet-3.0.4-py2.py3-none-any.whl
Collecting idna<2.9,>=2.5 (from requests->hello-curtis==1.1.1)
  Using cached https://files.pythonhosted.org/packages/14/2c/cd551d81dbe15200be1cf41cd03869a46fe7226e7450af7a6545bfc474c9/idna-2.8-py2.py3-none-any.whl
Collecting certifi>=2017.4.17 (from requests->hello-curtis==1.1.1)
  Using cached https://files.pythonhosted.org/packages/69/1b/b853c7a9d4f6a6d00749e94eb6f3a041e342a885b87340b79c1ef73e3a78/certifi-2019.6.16-py2.py3-none-any.whl
Building wheels for collected packages: hello-curtis
  Building wheel for hello-curtis (setup.py): started
  Building wheel for hello-curtis (setup.py): finished with status 'done'
  Stored in directory: /home/cuttice/.cache/pip/wheels/5e/25/05/c046055beb99acca0cd5d24b1f395e0fb7ae16f5f57021653c
Successfully built hello-curtis
Installing collected packages: urllib3, chardet, idna, certifi, requests, hello-curtis
  Found existing installation: hello-curtis 1.1.1
    Not uninstalling hello-curtis at /home/cuttice/package/code, outside environment /home/cuttice/package/code/.tox/py36
    Can't uninstall 'hello-curtis'. No files were found to uninstall.
Successfully installed certifi-2019.6.16 chardet-3.0.4 hello-curtis-1.1.1 idna-2.8 requests-2.22.0 urllib3-1.25.3
